InnoDB: using atomic writes.
2022-09-28 15:46:56 0 [Note] InnoDB: Mutexes and rw_locks use Windows interlocked functions
2022-09-28 15:46:56 0 [Note] InnoDB: Uses event mutexes
2022-09-28 15:46:56 0 [Note] InnoDB: Compressed tables use zlib 1.2.11
2022-09-28 15:46:56 0 [Note] InnoDB: Number of pools: 1
2022-09-28 15:46:56 0 [Note] InnoDB: Using SSE2 crc32 instructions
2022-09-28 15:46:56 0 [Note] InnoDB: Initializing buffer pool, total size = 16M, instances = 1, chunk size = 16M
2022-09-28 15:46:56 0 [Note] InnoDB: Completed initialization of buffer pool
2022-09-28 15:46:56 0 [Note] InnoDB: Starting crash recovery from checkpoint LSN=300288
2022-09-28 15:46:56 0 [Note] InnoDB: 128 out of 128 rollback segments are active.
2022-09-28 15:46:56 0 [Note] InnoDB: Removed temporary tablespace data file: "ibtmp1"
2022-09-28 15:46:56 0 [Note] InnoDB: Creating shared tablespace for temporary tables
2022-09-28 15:46:56 0 [Note] InnoDB: Setting file 'C:\xampp\mysql\data\ibtmp1' size to 12 MB. Physically writing the file full; Please wait ...
2022-09-28 15:46:56 0 [Note] InnoDB: File 'C:\xampp\mysql\data\ibtmp1' size is now 12 MB.
2022-09-28 15:46:56 0 [Note] InnoDB: Waiting for purge to start
2022-09-28 15:46:56 0 [Note] InnoDB: 10.4.14 started; log sequence number 300297; transaction id 171
2022-09-28 15:46:56 0 [Note] InnoDB: Loading buffer pool(s) from C:\xampp\mysql\data\ib_buffer_pool
2022-09-28 15:46:56 0 [Note] Plugin 'FEEDBACK' is disabled.
2022-09-28 15:46:56 0 [Note] InnoDB: Buffer pool(s) load completed at 220928 15:46:56
2022-09-28 15:46:56 0 [Note] Server socket created on IP: '::'.
2022-09-28 15:46:56 0 [ERROR] Can't start server: Bind on TCP/IP port. Got error: 10048: Only one usage of each socket address (protocol/network address/port) is normally permitted.

2022-09-28 15:46:56 0 [ERROR] Do you already have another mysqld server running on port: 3306 ?
2022-09-28 15:46:56 0 [ERROR] Aborting
InnoDB: using atomic writes.
2022-09-28 15:47:05 0 [Note] InnoDB: Mutexes and rw_locks use Windows interlocked functions
2022-09-28 15:47:05 0 [Note] InnoDB: Uses event mutexes
2022-09-28 15:47:05 0 [Note] InnoDB: Compressed tables use zlib 1.2.11
2022-09-28 15:47:05 0 [Note] InnoDB: Number of pools: 1
2022-09-28 15:47:05 0 [Note] InnoDB: Using SSE2 crc32 instructions
2022-09-28 15:47:05 0 [Note] InnoDB: Initializing buffer pool, total size = 16M, instances = 1, chunk size = 16M
2022-09-28 15:47:05 0 [Note] InnoDB: Completed initialization of buffer pool
2022-09-28 15:47:05 0 [Note] InnoDB: 128 out of 128 rollback segments are active.
2022-09-28 15:47:05 0 [Note] InnoDB: Creating shared tablespace for temporary tables
2022-09-28 15:47:05 0 [Note] InnoDB: Setting file 'C:\xampp\mysql\data\ibtmp1' size to 12 MB. Physically writing the file full; Please wait ...
2022-09-28 15:47:05 0 [Note] InnoDB: File 'C:\xampp\mysql\data\ibtmp1' size is now 12 MB.
2022-09-28 15:47:05 0 [Note] InnoDB: Waiting for purge to start
2022-09-28 15:47:05 0 [Note] InnoDB: 10.4.14 started; log sequence number 300306; transaction id 171
2022-09-28 15:47:05 0 [Note] InnoDB: Loading buffer pool(s) from C:\xampp\mysql\data\ib_buffer_pool
2022-09-28 15:47:05 0 [Note] Plugin 'FEEDBACK' is disabled.
2022-09-28 15:47:05 0 [Note] Server socket created on IP: '::'.
2022-09-28 15:47:05 0 [ERROR] Can't start server: Bind on TCP/IP port. Got error: 10048: Only one usage of each socket address (protocol/network address/port) is normally permitted.

2022-09-28 15:47:05 0 [ERROR] Do you already have another mysqld server running on port: 3306 ?
2022-09-28 15:47:05 0 [ERROR] Aborting
InnoDB: using atomic writes.
2022-09-28 15:53:00 0 [Note] InnoDB: Mutexes and rw_locks use Windows interlocked functions
2022-09-28 15:53:00 0 [Note] InnoDB: Uses event mutexes
2022-09-28 15:53:00 0 [Note] InnoDB: Compressed tables use zlib 1.2.11
2022-09-28 15:53:00 0 [Note] InnoDB: Number of pools: 1
2022-09-28 15:53:00 0 [Note] InnoDB: Using SSE2 crc32 instructions
2022-09-28 15:53:00 0 [Note] InnoDB: Initializing buffer pool, total size = 16M, instances = 1, chunk size = 16M
2022-09-28 15:53:00 0 [Note] InnoDB: Completed initialization of buffer pool
2022-09-28 15:53:00 0 [Note] InnoDB: 128 out of 128 rollback segments are active.
2022-09-28 15:53:00 0 [Note] InnoDB: Creating shared tablespace for temporary tables
2022-09-28 15:53:00 0 [Note] InnoDB: Setting file 'C:\xampp\mysql\data\ibtmp1' size to 12 MB. Physically writing the file full; Please wait ...
2022-09-28 15:53:00 0 [Note] InnoDB: File 'C:\xampp\mysql\data\ibtmp1' size is now 12 MB.
2022-09-28 15:53:00 0 [Note] InnoDB: Waiting for purge to start
2022-09-28 15:53:00 0 [Note] InnoDB: 10.4.14 started; log sequence number 300315; transaction id 171
2022-09-28 15:53:00 0 [Note] InnoDB: Loading buffer pool(s) from C:\xampp\mysql\data\ib_buffer_pool
2022-09-28 15:53:00 0 [Note] Plugin 'FEEDBACK' is disabled.
2022-09-28 15:53:00 0 [Note] InnoDB: Buffer pool(s) load completed at 220928 15:53:00
2022-09-28 15:53:00 0 [Note] Server socket created on IP: '::'.
InnoDB: using atomic writes.
2022-09-28 16:02:05 0 [Note] InnoDB: Mutexes and rw_locks use Windows interlocked functions
2022-09-28 16:02:05 0 [Note] InnoDB: Uses event mutexes
2022-09-28 16:02:05 0 [Note] InnoDB: Compressed tables use zlib 1.2.11
2022-09-28 16:02:05 0 [Note] InnoDB: Number of pools: 1
2022-09-28 16:02:05 0 [Note] InnoDB: Using SSE2 crc32 instructions
2022-09-28 16:02:05 0 [Note] InnoDB: Initializing buffer pool, total size = 16M, instances = 1, chunk size = 16M
2022-09-28 16:02:05 0 [Note] InnoDB: Completed initialization of buffer pool
2022-09-28 16:02:05 0 [Note] InnoDB: Starting crash recovery from checkpoint LSN=300963
2022-09-28 16:02:05 0 [Note] InnoDB: 128 out of 128 rollback segments are active.
2022-09-28 16:02:05 0 [Note] InnoDB: Removed temporary tablespace data file: "ibtmp1"
2022-09-28 16:02:05 0 [Note] InnoDB: Creating shared tablespace for temporary tables
2022-09-28 16:02:05 0 [Note] InnoDB: Setting file 'C:\xampp\mysql\data\ibtmp1' size to 12 MB. Physically writing the file full; Please wait ...
2022-09-28 16:02:05 0 [Note] InnoDB: File 'C:\xampp\mysql\data\ibtmp1' size is now 12 MB.
2022-09-28 16:02:05 0 [Note] InnoDB: Waiting for purge to start
2022-09-28 16:02:05 0 [Note] InnoDB: 10.4.14 started; log sequence number 300972; transaction id 197
2022-09-28 16:02:05 0 [Note] InnoDB: Loading buffer pool(s) from C:\xampp\mysql\data\ib_buffer_pool
2022-09-28 16:02:05 0 [Note] Plugin 'FEEDBACK' is disabled.
2022-09-28 16:02:05 0 [Note] InnoDB: Buffer pool(s) load completed at 220928 16:02:05
2022-09-28 16:02:05 0 [Note] Server socket created on IP: '::'.
InnoDB: using atomic writes.
2022-09-29 14:22:54 0 [Note] InnoDB: Mutexes and rw_locks use Windows interlocked functions
2022-09-29 14:22:54 0 [Note] InnoDB: Uses event mutexes
2022-09-29 14:22:54 0 [Note] InnoDB: Compressed tables use zlib 1.2.11
2022-09-29 14:22:54 0 [Note] InnoDB: Number of pools: 1
2022-09-29 14:22:54 0 [Note] InnoDB: Using SSE2 crc32 instructions
2022-09-29 14:22:54 0 [Note] InnoDB: Initializing buffer pool, total size = 16M, instances = 1, chunk size = 16M
2022-09-29 14:22:54 0 [Note] InnoDB: Completed initialization of buffer pool
2022-09-29 14:22:54 0 [Note] InnoDB: Starting crash recovery from checkpoint LSN=453449
2022-09-29 14:22:54 0 [Note] InnoDB: 128 out of 128 rollback segments are active.
2022-09-29 14:22:54 0 [Note] InnoDB: Removed temporary tablespace data file: "ibtmp1"
2022-09-29 14:22:54 0 [Note] InnoDB: Creating shared tablespace for temporary tables
2022-09-29 14:22:54 0 [Note] InnoDB: Setting file 'C:\xampp\mysql\data\ibtmp1' size to 12 MB. Physically writing the file full; Please wait ...
2022-09-29 14:22:54 0 [Note] InnoDB: File 'C:\xampp\mysql\data\ibtmp1' size is now 12 MB.
2022-09-29 14:22:54 0 [Note] InnoDB: Waiting for purge to start
2022-09-29 14:22:54 0 [Note] InnoDB: 10.4.14 started; log sequence number 453458; transaction id 521
2022-09-29 14:22:54 0 [Note] InnoDB: Loading buffer pool(s) from C:\xampp\mysql\data\ib_buffer_pool
2022-09-29 14:22:54 0 [Note] Plugin 'FEEDBACK' is disabled.
2022-09-29 14:22:54 0 [Note] InnoDB: Buffer pool(s) load completed at 220929 14:22:54
2022-09-29 14:22:54 0 [Note] Server socket created on IP: '::'.
InnoDB: using atomic writes.
2022-09-29 14:23:04 0 [Note] InnoDB: Mutexes and rw_locks use Windows interlocked functions
2022-09-29 14:23:04 0 [Note] InnoDB: Uses event mutexes
2022-09-29 14:23:04 0 [Note] InnoDB: Compressed tables use zlib 1.2.11
2022-09-29 14:23:04 0 [Note] InnoDB: Number of pools: 1
2022-09-29 14:23:04 0 [Note] InnoDB: Using SSE2 crc32 instructions
2022-09-29 14:23:04 0 [Note] InnoDB: Initializing buffer pool, total size = 16M, instances = 1, chunk size = 16M
2022-09-29 14:23:04 0 [Note] InnoDB: Completed initialization of buffer pool
2022-09-29 14:23:04 0 [Note] InnoDB: Starting crash recovery from checkpoint LSN=453449
2022-09-29 14:23:04 0 [Note] InnoDB: 128 out of 128 rollback segments are active.
2022-09-29 14:23:04 0 [Note] InnoDB: Removed temporary tablespace data file: "ibtmp1"
2022-09-29 14:23:04 0 [Note] InnoDB: Creating shared tablespace for temporary tables
2022-09-29 14:23:04 0 [Note] InnoDB: Setting file 'C:\xampp\mysql\data\ibtmp1' size to 12 MB. Physically writing the file full; Please wait ...
2022-09-29 14:23:04 0 [Note] InnoDB: File 'C:\xampp\mysql\data\ibtmp1' size is now 12 MB.
2022-09-29 14:23:04 0 [Note] InnoDB: Waiting for purge to start
2022-09-29 14:23:04 0 [Note] InnoDB: 10.4.14 started; log sequence number 453458; transaction id 521
2022-09-29 14:23:04 0 [Note] InnoDB: Loading buffer pool(s) from C:\xampp\mysql\data\ib_buffer_pool
2022-09-29 14:23:04 0 [Note] Plugin 'FEEDBACK' is disabled.
2022-09-29 14:23:04 0 [Note] Server socket created on IP: '::'.
InnoDB: using atomic writes.
2022-09-29 19:58:24 0 [Note] InnoDB: Mutexes and rw_locks use Windows interlocked functions
2022-09-29 19:58:24 0 [Note] InnoDB: Uses event mutexes
2022-09-29 19:58:24 0 [Note] InnoDB: Compressed tables use zlib 1.2.11
2022-09-29 19:58:24 0 [Note] InnoDB: Number of pools: 1
2022-09-29 19:58:24 0 [Note] InnoDB: Using SSE2 crc32 instructions
2022-09-29 19:58:24 0 [Note] InnoDB: Initializing buffer pool, total size = 16M, instances = 1, chunk size = 16M
2022-09-29 19:58:24 0 [Note] InnoDB: Completed initialization of buffer pool
2022-09-29 19:58:24 0 [Note] InnoDB: Starting crash recovery from checkpoint LSN=453800
2022-09-29 19:58:24 0 [Note] InnoDB: 128 out of 128 rollback segments are active.
2022-09-29 19:58:24 0 [Note] InnoDB: Removed temporary tablespace data file: "ibtmp1"
2022-09-29 19:58:24 0 [Note] InnoDB: Creating shared tablespace for temporary tables
2022-09-29 19:58:24 0 [Note] InnoDB: Setting file 'C:\xampp\mysql\data\ibtmp1' size to 12 MB. Physically writing the file full; Please wait ...
2022-09-29 19:58:24 0 [Note] InnoDB: File 'C:\xampp\mysql\data\ibtmp1' size is now 12 MB.
2022-09-29 19:58:24 0 [Note] InnoDB: Waiting for purge to start
2022-09-29 19:58:24 0 [Note] InnoDB: 10.4.14 started; log sequence number 453809; transaction id 545
2022-09-29 19:58:24 0 [Note] InnoDB: Loading buffer pool(s) from C:\xampp\mysql\data\ib_buffer_pool
2022-09-29 19:58:24 0 [Note] Plugin 'FEEDBACK' is disabled.
2022-09-29 19:58:24 0 [Note] Server socket created on IP: '::'.
